14:35:44.672 Gauge Install ID: 0f63178a-9465-4bd3-9d42-7466b44448c9
14:42:27.158 Killing Gauge daemon. Parent process with pid 5188 has terminated.
14:47:51.293 Gauge Install ID: 0f63178a-9465-4bd3-9d42-7466b44448c9
14:48:59.526 Gauge Install ID: 0f63178a-9465-4bd3-9d42-7466b44448c9
14:48:59.799 Gauge Install ID: 0f63178a-9465-4bd3-9d42-7466b44448c9
14:48:59.859 Gauge Install ID: 0f63178a-9465-4bd3-9d42-7466b44448c9
14:48:59.848 Gauge Install ID: 0f63178a-9465-4bd3-9d42-7466b44448c9
14:48:59.975 Gauge Install ID: 0f63178a-9465-4bd3-9d42-7466b44448c9
14:49:09.289 Gauge Install ID: 0f63178a-9465-4bd3-9d42-7466b44448c9
14:49:12.160 Gauge Install ID: 0f63178a-9465-4bd3-9d42-7466b44448c9
14:49:13.606 Gauge Install ID: 0f63178a-9465-4bd3-9d42-7466b44448c9
14:49:49.965 Gauge Install ID: 0f63178a-9465-4bd3-9d42-7466b44448c9
14:49:51.445 Gauge Install ID: 0f63178a-9465-4bd3-9d42-7466b44448c9
14:50:11.970 Gauge Install ID: 0f63178a-9465-4bd3-9d42-7466b44448c9
14:50:13.773 Checking updates...
14:50:20.986 Plugin [Html Report] with pid [6224] has exited
14:50:21.088 Specifications:	1 executed	1 passed	0 failed	0 skipped
14:50:21.088 Scenarios:	1 executed	1 passed	0 failed	0 skipped
14:50:21.088 
Total time taken: 1.082s
14:50:45.799 Gauge Install ID: 0f63178a-9465-4bd3-9d42-7466b44448c9
14:51:50.598 Gauge Install ID: 0f63178a-9465-4bd3-9d42-7466b44448c9
14:51:52.750 Gauge Install ID: 0f63178a-9465-4bd3-9d42-7466b44448c9
14:51:54.645 Gauge Install ID: 0f63178a-9465-4bd3-9d42-7466b44448c9
14:51:56.080 Gauge Install ID: 0f63178a-9465-4bd3-9d42-7466b44448c9
14:51:57.484 Gauge Install ID: 0f63178a-9465-4bd3-9d42-7466b44448c9
14:52:53.839 Gauge Install ID: 0f63178a-9465-4bd3-9d42-7466b44448c9
14:52:53.882 Gauge Install ID: 0f63178a-9465-4bd3-9d42-7466b44448c9
14:52:53.907 Gauge Install ID: 0f63178a-9465-4bd3-9d42-7466b44448c9
14:53:04.014 Gauge Install ID: 0f63178a-9465-4bd3-9d42-7466b44448c9
14:53:04.259 Gauge Install ID: 0f63178a-9465-4bd3-9d42-7466b44448c9
14:53:04.323 Gauge Install ID: 0f63178a-9465-4bd3-9d42-7466b44448c9
14:53:12.620 Gauge Install ID: 0f63178a-9465-4bd3-9d42-7466b44448c9
14:53:12.653 Gauge Install ID: 0f63178a-9465-4bd3-9d42-7466b44448c9
14:53:14.734 Gauge Install ID: 0f63178a-9465-4bd3-9d42-7466b44448c9
14:53:20.979 Gauge Install ID: 0f63178a-9465-4bd3-9d42-7466b44448c9
14:53:22.117 Gauge Install ID: 0f63178a-9465-4bd3-9d42-7466b44448c9
14:53:24.170 Gauge Install ID: 0f63178a-9465-4bd3-9d42-7466b44448c9
14:53:30.546 Gauge Install ID: 0f63178a-9465-4bd3-9d42-7466b44448c9
14:53:36.850 Gauge Install ID: 0f63178a-9465-4bd3-9d42-7466b44448c9
14:53:36.876 Gauge Install ID: 0f63178a-9465-4bd3-9d42-7466b44448c9
14:53:39.278 Gauge Install ID: 0f63178a-9465-4bd3-9d42-7466b44448c9
14:53:39.330 Gauge Install ID: 0f63178a-9465-4bd3-9d42-7466b44448c9
14:53:47.827 Gauge Install ID: 0f63178a-9465-4bd3-9d42-7466b44448c9
14:54:11.530 Gauge Install ID: 0f63178a-9465-4bd3-9d42-7466b44448c9
14:54:13.491 Gauge Install ID: 0f63178a-9465-4bd3-9d42-7466b44448c9
14:54:13.517 Gauge Install ID: 0f63178a-9465-4bd3-9d42-7466b44448c9
14:54:20.586 Gauge Install ID: 0f63178a-9465-4bd3-9d42-7466b44448c9
14:54:26.350 Gauge Install ID: 0f63178a-9465-4bd3-9d42-7466b44448c9
14:54:34.774 Gauge Install ID: 0f63178a-9465-4bd3-9d42-7466b44448c9
14:54:36.116 Gauge Install ID: 0f63178a-9465-4bd3-9d42-7466b44448c9
14:54:44.591 Gauge Install ID: 0f63178a-9465-4bd3-9d42-7466b44448c9
14:54:46.807 Checking updates...
14:54:55.073 Plugin [Html Report] with pid [5428] has exited
14:54:55.640 Specifications:	1 executed	1 passed	0 failed	0 skipped
14:54:55.640 Scenarios:	1 executed	1 passed	0 failed	0 skipped
14:54:55.640 
Total time taken: 1.038s
14:56:27.305 Gauge Install ID: 0f63178a-9465-4bd3-9d42-7466b44448c9
14:56:34.586 Gauge Install ID: 0f63178a-9465-4bd3-9d42-7466b44448c9
14:56:36.599 Checking updates...
14:56:43.525 Plugin [Html Report] with pid [4604] has exited
14:56:43.827 Specifications:	1 executed	0 passed	1 failed	0 skipped
14:56:43.827 Scenarios:	1 executed	0 passed	1 failed	0 skipped
14:56:43.827 
Total time taken: 2.352s
14:59:05.113 Gauge Install ID: 0f63178a-9465-4bd3-9d42-7466b44448c9
14:59:12.973 Gauge Install ID: 0f63178a-9465-4bd3-9d42-7466b44448c9
14:59:14.317 Checking updates...
14:59:19.430 Plugin [Html Report] with pid [5436] has exited
14:59:19.535 Specifications:	1 executed	1 passed	0 failed	0 skipped
14:59:19.535 Scenarios:	1 executed	1 passed	0 failed	0 skipped
14:59:19.535 
Total time taken: 215ms
14:59:25.455 Gauge Install ID: 0f63178a-9465-4bd3-9d42-7466b44448c9
14:59:29.568 Gauge Install ID: 0f63178a-9465-4bd3-9d42-7466b44448c9
14:59:31.478 Gauge Install ID: 0f63178a-9465-4bd3-9d42-7466b44448c9
14:59:33.108 Gauge Install ID: 0f63178a-9465-4bd3-9d42-7466b44448c9
14:59:39.885 Gauge Install ID: 0f63178a-9465-4bd3-9d42-7466b44448c9
14:59:51.536 Gauge Install ID: 0f63178a-9465-4bd3-9d42-7466b44448c9
14:59:53.330 Checking updates...
14:59:59.646 Plugin [Html Report] with pid [7968] has exited
14:59:59.750 Specifications:	1 executed	1 passed	0 failed	0 skipped
14:59:59.750 Scenarios:	2 executed	2 passed	0 failed	0 skipped
14:59:59.750 
Total time taken: 164ms
15:01:49.489 Gauge Install ID: 0f63178a-9465-4bd3-9d42-7466b44448c9
15:02:37.437 Gauge Install ID: 0f63178a-9465-4bd3-9d42-7466b44448c9
15:02:37.466 Gauge Install ID: 0f63178a-9465-4bd3-9d42-7466b44448c9
15:02:45.069 Gauge Install ID: 0f63178a-9465-4bd3-9d42-7466b44448c9
15:03:22.816 Gauge Install ID: 0f63178a-9465-4bd3-9d42-7466b44448c9
15:03:24.088 Gauge Install ID: 0f63178a-9465-4bd3-9d42-7466b44448c9
15:03:40.976 Gauge Install ID: 0f63178a-9465-4bd3-9d42-7466b44448c9
15:03:42.345 Gauge Install ID: 0f63178a-9465-4bd3-9d42-7466b44448c9
15:03:43.703 Gauge Install ID: 0f63178a-9465-4bd3-9d42-7466b44448c9
15:04:03.181 Gauge Install ID: 0f63178a-9465-4bd3-9d42-7466b44448c9
15:04:04.968 Gauge Install ID: 0f63178a-9465-4bd3-9d42-7466b44448c9
15:04:05.263 Gauge Install ID: 0f63178a-9465-4bd3-9d42-7466b44448c9
15:04:12.303 Gauge Install ID: 0f63178a-9465-4bd3-9d42-7466b44448c9
15:04:17.791 Gauge Install ID: 0f63178a-9465-4bd3-9d42-7466b44448c9
15:05:05.755 Gauge Install ID: 0f63178a-9465-4bd3-9d42-7466b44448c9
15:05:07.835 Gauge Install ID: 0f63178a-9465-4bd3-9d42-7466b44448c9
15:05:07.866 Gauge Install ID: 0f63178a-9465-4bd3-9d42-7466b44448c9
15:09:01.111 Gauge Install ID: 0f63178a-9465-4bd3-9d42-7466b44448c9
15:11:40.718 Gauge Install ID: 0f63178a-9465-4bd3-9d42-7466b44448c9
15:11:42.604 Checking updates...
15:11:48.899 # Specification Heading
15:12:48.947 ## Vowel counts in single word
15:12:48.951 * Vowels in English language are "aeiou".

15:12:48.992 * The word "gauge" has "3" vowels.

15:12:49.002 ## Vowel counts in multiple word
15:12:49.040 * Vowels in English language are "aeiou".

15:12:49.042 * Almost all words have vowels 

   |Word  |Vowel Count|
   |------|-----------|
   |Gauge |3          |
   |Mingle|2          |
   |Snap  |1          |
   |GoCD  |1          |
   |Rhythm|0          |
15:12:49.156 Plugin [Html Report] with pid [7324] has exited
15:12:49.257 Specifications:	1 executed	1 passed	0 failed	0 skipped
15:12:49.258 Scenarios:	2 executed	2 passed	0 failed	0 skipped
15:12:49.258 
Total time taken: 1m0.243s
15:13:16.849 Gauge Install ID: 0f63178a-9465-4bd3-9d42-7466b44448c9
15:13:18.285 Checking updates...
15:13:24.120 # Specification Heading
15:13:24.166 ## Vowel counts in single word
15:13:24.174 * Vowels in English language are "aeiou".

15:13:24.192 * The word "gauge" has "3" vowels.

15:13:24.202 ## Vowel counts in multiple word
15:13:24.204 * Vowels in English language are "aeiou".

15:13:24.206 * Almost all words have vowels 

   |Word  |Vowel Count|
   |------|-----------|
   |Gauge |3          |
   |Mingle|2          |
   |Snap  |1          |
   |GoCD  |1          |
   |Rhythm|0          |
15:13:24.321 Plugin [Html Report] with pid [3592] has exited
15:13:24.425 Specifications:	1 executed	1 passed	0 failed	0 skipped
15:13:24.425 Scenarios:	2 executed	2 passed	0 failed	0 skipped
15:13:24.425 
Total time taken: 189ms
15:15:18.864 Gauge Install ID: 0f63178a-9465-4bd3-9d42-7466b44448c9
15:24:07.136 Gauge Install ID: 0f63178a-9465-4bd3-9d42-7466b44448c9
15:24:07.175 Gauge Install ID: 0f63178a-9465-4bd3-9d42-7466b44448c9
15:24:17.833 Gauge Install ID: 0f63178a-9465-4bd3-9d42-7466b44448c9
15:24:37.720 Gauge Install ID: 0f63178a-9465-4bd3-9d42-7466b44448c9
15:27:38.267 Gauge Install ID: 0f63178a-9465-4bd3-9d42-7466b44448c9
15:27:38.296 Gauge Install ID: 0f63178a-9465-4bd3-9d42-7466b44448c9
15:27:46.511 Gauge Install ID: 0f63178a-9465-4bd3-9d42-7466b44448c9
15:27:46.527 Gauge Install ID: 0f63178a-9465-4bd3-9d42-7466b44448c9
15:28:24.159 Gauge Install ID: 0f63178a-9465-4bd3-9d42-7466b44448c9
15:28:24.171 Gauge Install ID: 0f63178a-9465-4bd3-9d42-7466b44448c9
15:28:38.182 Gauge Install ID: 0f63178a-9465-4bd3-9d42-7466b44448c9
15:28:39.574 Gauge Install ID: 0f63178a-9465-4bd3-9d42-7466b44448c9
15:29:44.793 Gauge Install ID: 0f63178a-9465-4bd3-9d42-7466b44448c9
15:30:10.531 Gauge Install ID: 0f63178a-9465-4bd3-9d42-7466b44448c9
15:30:12.349 Gauge Install ID: 0f63178a-9465-4bd3-9d42-7466b44448c9
15:30:14.026 Gauge Install ID: 0f63178a-9465-4bd3-9d42-7466b44448c9
15:30:15.466 Gauge Install ID: 0f63178a-9465-4bd3-9d42-7466b44448c9
15:31:24.896 Gauge Install ID: 0f63178a-9465-4bd3-9d42-7466b44448c9
15:31:24.923 Gauge Install ID: 0f63178a-9465-4bd3-9d42-7466b44448c9
15:31:32.876 Gauge Install ID: 0f63178a-9465-4bd3-9d42-7466b44448c9
15:31:32.911 Gauge Install ID: 0f63178a-9465-4bd3-9d42-7466b44448c9
15:31:35.828 Gauge Install ID: 0f63178a-9465-4bd3-9d42-7466b44448c9
15:31:35.968 Gauge Install ID: 0f63178a-9465-4bd3-9d42-7466b44448c9
15:31:43.924 Gauge Install ID: 0f63178a-9465-4bd3-9d42-7466b44448c9
15:31:43.954 Gauge Install ID: 0f63178a-9465-4bd3-9d42-7466b44448c9
15:32:54.700 Gauge Install ID: 0f63178a-9465-4bd3-9d42-7466b44448c9
15:32:54.712 Gauge Install ID: 0f63178a-9465-4bd3-9d42-7466b44448c9
15:37:03.417 Gauge Install ID: 0f63178a-9465-4bd3-9d42-7466b44448c9
15:37:05.350 Gauge Install ID: 0f63178a-9465-4bd3-9d42-7466b44448c9
15:37:06.760 Gauge Install ID: 0f63178a-9465-4bd3-9d42-7466b44448c9
15:37:08.004 Gauge Install ID: 0f63178a-9465-4bd3-9d42-7466b44448c9
15:37:09.439 Gauge Install ID: 0f63178a-9465-4bd3-9d42-7466b44448c9
15:37:10.736 Gauge Install ID: 0f63178a-9465-4bd3-9d42-7466b44448c9
15:37:30.732 Gauge Install ID: 0f63178a-9465-4bd3-9d42-7466b44448c9
15:37:32.105 Gauge Install ID: 0f63178a-9465-4bd3-9d42-7466b44448c9
15:37:34.167 Gauge Install ID: 0f63178a-9465-4bd3-9d42-7466b44448c9
15:37:34.606 Gauge Install ID: 0f63178a-9465-4bd3-9d42-7466b44448c9
15:37:40.087 Gauge Install ID: 0f63178a-9465-4bd3-9d42-7466b44448c9
15:37:41.643 Gauge Install ID: 0f63178a-9465-4bd3-9d42-7466b44448c9
15:37:43.085 Gauge Install ID: 0f63178a-9465-4bd3-9d42-7466b44448c9
15:37:51.951 Gauge Install ID: 0f63178a-9465-4bd3-9d42-7466b44448c9
15:37:51.988 Gauge Install ID: 0f63178a-9465-4bd3-9d42-7466b44448c9
15:38:00.240 Gauge Install ID: 0f63178a-9465-4bd3-9d42-7466b44448c9
15:38:00.273 Gauge Install ID: 0f63178a-9465-4bd3-9d42-7466b44448c9
15:41:34.577 Gauge Install ID: 0f63178a-9465-4bd3-9d42-7466b44448c9
15:41:35.991 Gauge Install ID: 0f63178a-9465-4bd3-9d42-7466b44448c9
15:41:37.304 Gauge Install ID: 0f63178a-9465-4bd3-9d42-7466b44448c9
15:41:38.628 Gauge Install ID: 0f63178a-9465-4bd3-9d42-7466b44448c9
15:46:35.295 Gauge Install ID: 0f63178a-9465-4bd3-9d42-7466b44448c9
15:46:35.322 Gauge Install ID: 0f63178a-9465-4bd3-9d42-7466b44448c9
15:46:42.543 Gauge Install ID: 0f63178a-9465-4bd3-9d42-7466b44448c9
15:49:31.989 Gauge Install ID: 0f63178a-9465-4bd3-9d42-7466b44448c9
15:49:33.535 Gauge Install ID: 0f63178a-9465-4bd3-9d42-7466b44448c9
15:49:41.237 Gauge Install ID: 0f63178a-9465-4bd3-9d42-7466b44448c9
15:49:42.781 Gauge Install ID: 0f63178a-9465-4bd3-9d42-7466b44448c9
15:49:44.121 Gauge Install ID: 0f63178a-9465-4bd3-9d42-7466b44448c9
15:49:45.504 Gauge Install ID: 0f63178a-9465-4bd3-9d42-7466b44448c9
15:49:47.044 Gauge Install ID: 0f63178a-9465-4bd3-9d42-7466b44448c9
15:49:48.482 Gauge Install ID: 0f63178a-9465-4bd3-9d42-7466b44448c9
15:49:49.779 Gauge Install ID: 0f63178a-9465-4bd3-9d42-7466b44448c9
15:49:51.595 Gauge Install ID: 0f63178a-9465-4bd3-9d42-7466b44448c9
15:50:31.832 Gauge Install ID: 0f63178a-9465-4bd3-9d42-7466b44448c9
15:50:33.336 Gauge Install ID: 0f63178a-9465-4bd3-9d42-7466b44448c9
15:50:33.469 Gauge Install ID: 0f63178a-9465-4bd3-9d42-7466b44448c9
15:50:52.845 Gauge Install ID: 0f63178a-9465-4bd3-9d42-7466b44448c9
15:50:54.293 Gauge Install ID: 0f63178a-9465-4bd3-9d42-7466b44448c9
15:50:59.848 Gauge Install ID: 0f63178a-9465-4bd3-9d42-7466b44448c9
15:50:59.875 Gauge Install ID: 0f63178a-9465-4bd3-9d42-7466b44448c9
15:51:04.329 Gauge Install ID: 0f63178a-9465-4bd3-9d42-7466b44448c9
15:51:05.617 Gauge Install ID: 0f63178a-9465-4bd3-9d42-7466b44448c9
15:53:00.704 Gauge Install ID: 0f63178a-9465-4bd3-9d42-7466b44448c9
15:53:00.733 Gauge Install ID: 0f63178a-9465-4bd3-9d42-7466b44448c9
15:53:08.220 Gauge Install ID: 0f63178a-9465-4bd3-9d42-7466b44448c9
15:53:48.801 Gauge Install ID: 0f63178a-9465-4bd3-9d42-7466b44448c9
15:53:48.831 Gauge Install ID: 0f63178a-9465-4bd3-9d42-7466b44448c9
15:53:57.079 Gauge Install ID: 0f63178a-9465-4bd3-9d42-7466b44448c9
15:54:03.550 Gauge Install ID: 0f63178a-9465-4bd3-9d42-7466b44448c9
15:54:04.784 Gauge Install ID: 0f63178a-9465-4bd3-9d42-7466b44448c9
